<?xml version="1.0" encoding="utf-8"?><testsuites name="pytest tests"><testsuite name="pytest" errors="0" failures="0" skipped="0" tests="116" time="8.594" timestamp="2026-05-01T18:09:26.861179+01:00" hostname="LightStar"><testcase classname="tests.test_auth" name="test_alias_resolution_admin1" time="0.002" /><testcase classname="tests.test_auth" name="test_alias_resolution_gp1" time="0.001" /><testcase classname="tests.test_auth" name="test_alias_resolution_nurse1" time="0.001" /><testcase classname="tests.test_auth" name="test_alias_resolution_mgr1" time="0.001" /><testcase classname="tests.test_auth" name="test_alias_resolution_cons1" time="0.001" /><testcase classname="tests.test_auth" name="test_invalid_alias_returns_none" time="0.001" /><testcase classname="tests.test_auth" name="test_alias_case_insensitive" time="0.001" /><testcase classname="tests.test_auth" name="test_real_email_passthrough" time="0.001" /><testcase classname="tests.test_auth" name="test_alias_map_completeness" time="0.001" /><testcase classname="tests.test_auth" name="test_admin_can_access_all_features" time="0.001" /><testcase classname="tests.test_auth" name="test_nurse_cannot_access_triage" time="0.001" /><testcase classname="tests.test_auth" name="test_nurse_can_access_ward" time="0.001" /><testcase classname="tests.test_auth" name="test_manager_cannot_access_triage" time="0.001" /><testcase classname="tests.test_auth" name="test_manager_can_access_dashboard" time="0.001" /><testcase classname="tests.test_database" name="test_db_connection" time="0.291" /><testcase classname="tests.test_database" name="test_init_db_creates_all_tables" time="0.032" /><testcase classname="tests.test_database" name="test_save_and_retrieve_patient" time="0.038" /><testcase classname="tests.test_database" name="test_get_patient_by_nhs_number" time="0.033" /><testcase classname="tests.test_database" name="test_nhs_number_unique_constraint" time="0.031" /><testcase classname="tests.test_database" name="test_save_triage_session" time="0.031" /><testcase classname="tests.test_database" name="test_save_triage_with_ensemble_results" time="0.032" /><testcase classname="tests.test_database" name="test_save_gp_consultation" time="0.032" /><testcase classname="tests.test_database" name="test_multiple_consultations_same_patient" time="0.031" /><testcase classname="tests.test_database" name="test_consultation_history_ordered_by_date" time="0.032" /><testcase classname="tests.test_database" name="test_save_test_order" time="0.031" /><testcase classname="tests.test_database" name="test_save_test_result_against_order" time="0.032" /><testcase classname="tests.test_database" name="test_save_referral_letter_type" time="0.031" /><testcase classname="tests.test_database" name="test_save_referral_email_type" time="0.031" /><testcase classname="tests.test_database" name="test_save_referral_ereferral_type" time="0.031" /><testcase classname="tests.test_ensemble.TestExtractTriageLevel" name="test_labelled_field" time="0.002" /><testcase classname="tests.test_ensemble.TestExtractTriageLevel" name="test_bare_word" time="0.001" /><testcase classname="tests.test_ensemble.TestExtractTriageLevel" name="test_no_level_defaults_amber" time="0.001" /><testcase classname="tests.test_ensemble.TestExtractTriageLevel" name="test_green_detected" time="0.001" /><testcase classname="tests.test_ensemble.TestExtractTriageLevel" name="test_labelled_field_takes_priority_over_bare_word" time="0.001" /><testcase classname="tests.test_ensemble.TestCalculateConsensus" name="test_strong_consensus_three_agree" time="0.001" /><testcase classname="tests.test_ensemble.TestCalculateConsensus" name="test_strong_consensus_all_four_agree" time="0.001" /><testcase classname="tests.test_ensemble.TestCalculateConsensus" name="test_weak_consensus_two_of_three" time="0.001" /><testcase classname="tests.test_ensemble.TestCalculateConsensus" name="test_no_consensus_all_differ" time="0.001" /><testcase classname="tests.test_ensemble.TestCalculateConsensus" name="test_safety_escalation_red_wins" time="0.001" /><testcase classname="tests.test_ensemble.TestCalculateConsensus" name="test_error_model_excluded_from_consensus" time="0.001" /><testcase classname="tests.test_ensemble.TestCalculateConsensus" name="test_all_models_fail_defaults_amber" time="0.001" /><testcase classname="tests.test_ensemble.TestEnsembleInsufficientKeys" name="test_returns_fallback_if_fewer_than_two_keys" time="0.007" /><testcase classname="tests.test_ensemble.TestFullEnsembleFlow" name="test_all_models_agree_red" time="2.987" /><testcase classname="tests.test_ensemble.TestFullEnsembleFlow" name="test_one_model_fails_gracefully" time="0.006" /><testcase classname="tests.test_ensemble.TestFullEnsembleFlow" name="test_safety_escalation_in_full_flow" time="0.006" /><testcase classname="tests.test_ensemble.TestJudgeModel" name="test_judge_model_produces_verdict" time="0.009" /><testcase classname="tests.test_ensemble.TestJudgeModel" name="test_judge_returns_valid_triage_level" time="0.021" /><testcase classname="tests.test_ensemble.TestJudgeModel" name="test_consensus_percentage_calculated" time="0.001" /><testcase classname="tests.test_ensemble.TestJudgeModel" name="test_model_disagreement_flagged_when_split" time="0.001" /><testcase classname="tests.test_ensemble.TestJudgeModel" name="test_red_always_wins_on_disagreement" time="0.001" /><testcase classname="tests.test_ensemble.TestModelFailover" name="test_failover_when_gpt4_offline" time="0.006" /><testcase classname="tests.test_ensemble.TestModelFailover" name="test_failover_when_claude_offline" time="0.008" /><testcase classname="tests.test_ensemble.TestModelFailover" name="test_failover_when_gemini_offline" time="0.005" /><testcase classname="tests.test_ensemble.TestModelFailover" name="test_failover_when_mistral_offline" time="0.005" /><testcase classname="tests.test_ensemble.TestModelFailover" name="test_majority_vote_when_all_judges_offline" time="0.004" /><testcase classname="tests.test_ensemble.TestModelFailover" name="test_degraded_mode_warning_shown" time="0.004" /><testcase classname="tests.test_ensemble" name="test_ensemble_response_under_30_seconds" time="0.008" /><testcase classname="tests.test_rag_pipeline.TestParseResponse" name="test_parses_all_fields" time="0.001" /><testcase classname="tests.test_rag_pipeline.TestParseResponse" name="test_triage_decision_uppercased" time="0.001" /><testcase classname="tests.test_rag_pipeline.TestParseResponse" name="test_invalid_triage_defaults_to_amber" time="0.001" /><testcase classname="tests.test_rag_pipeline.TestParseResponse" name="test_partial_response_fills_defaults" time="0.001" /><testcase classname="tests.test_rag_pipeline.TestParseResponse" name="test_empty_response_returns_all_defaults" time="0.001" /><testcase classname="tests.test_rag_pipeline.TestParseResponse" name="test_amber_recognised" time="0.001" /><testcase classname="tests.test_rag_pipeline.TestParseResponse" name="test_green_recognised" time="0.001" /><testcase classname="tests.test_rag_pipeline.TestParseResponse" name="test_fuzzy_extraction_from_sentence" time="0.001" /><testcase classname="tests.test_rag_pipeline.TestFormatSimilarCases" name="test_empty_returns_no_cases_message" time="0.001" /><testcase classname="tests.test_rag_pipeline.TestFormatSimilarCases" name="test_single_case_numbered_correctly" time="0.001" /><testcase classname="tests.test_rag_pipeline.TestFormatSimilarCases" name="test_multiple_cases_numbered_sequentially" time="0.001" /><testcase classname="tests.test_rag_pipeline.TestFormatSimilarCases" name="test_similarity_score_included" time="0.001" /><testcase classname="tests.test_rag_pipeline.TestFormatSimilarCases" name="test_triage_decision_included" time="0.001" /><testcase classname="tests.test_rag_pipeline.TestFormatSimilarCases" name="test_long_content_truncated_to_300_chars" time="0.001" /><testcase classname="tests.test_rag_pipeline.TestExtractSimilarCasesData" name="test_empty_returns_empty_list" time="0.001" /><testcase classname="tests.test_rag_pipeline.TestExtractSimilarCasesData" name="test_returns_max_three_from_larger_list" time="0.001" /><testcase classname="tests.test_rag_pipeline.TestExtractSimilarCasesData" name="test_single_item_returns_one" time="0.001" /><testcase classname="tests.test_rag_pipeline.TestExtractSimilarCasesData" name="test_rank_starts_at_one_and_increments" time="0.001" /><testcase classname="tests.test_rag_pipeline.TestExtractSimilarCasesData" name="test_similarity_score_rounded_to_4dp" time="0.001" /><testcase classname="tests.test_rag_pipeline.TestExtractSimilarCasesData" name="test_similarity_pct_is_score_times_100" time="0.001" /><testcase classname="tests.test_rag_pipeline.TestExtractSimilarCasesData" name="test_presentation_snippet_limited_to_250_chars" time="0.001" /><testcase classname="tests.test_rag_pipeline.TestExtractSimilarCasesData" name="test_contains_expected_keys" time="0.001" /><testcase classname="tests.test_rag_pipeline.TestExtractSimilarCasesData" name="test_metadata_fields_extracted_correctly" time="0.001" /><testcase classname="tests.test_rag_pipeline.TestExtractSimilarCasesData" name="test_missing_metadata_fields_use_unknown" time="0.001" /><testcase classname="tests.test_triage" name="test_red_triage_chest_pain_scenario" time="0.004" /><testcase classname="tests.test_triage" name="test_red_triage_paediatric_fever_scenario" time="0.003" /><testcase classname="tests.test_triage" name="test_amber_triage_uti_scenario" time="0.002" /><testcase classname="tests.test_triage" name="test_amber_triage_mental_health_scenario" time="0.002" /><testcase classname="tests.test_triage" name="test_green_triage_urti_scenario" time="0.002" /><testcase classname="tests.test_triage" name="test_triage_returns_valid_level" time="0.007" /><testcase classname="tests.test_triage" name="test_triage_returns_reasoning_text" time="0.002" /><testcase classname="tests.test_triage" name="test_triage_returns_red_flags_list" time="0.002" /><testcase classname="tests.test_triage" name="test_triage_confidence_contains_valid_level" time="0.005" /><testcase classname="tests.test_triage" name="test_triage_returns_nice_guideline_reference" time="0.002" /><testcase classname="tests.test_triage" name="test_triage_returns_differential_diagnosis" time="0.002" /><testcase classname="tests.test_triage" name="test_triage_returns_similar_cases_count" time="0.002" /><testcase classname="tests.test_triage" name="test_triage_response_time_under_30_seconds" time="0.002" /><testcase classname="tests.test_vector_store.TestLoadCases" name="test_flat_list" time="0.004" /><testcase classname="tests.test_vector_store.TestLoadCases" name="test_wrapped_presentations_key" time="0.004" /><testcase classname="tests.test_vector_store.TestLoadCases" name="test_invalid_format_raises" time="0.015" /><testcase classname="tests.test_vector_store.TestLoadCases" name="test_empty_list" time="0.007" /><testcase classname="tests.test_vector_store.TestCaseToText" name="test_contains_description" time="0.001" /><testcase classname="tests.test_vector_store.TestCaseToText" name="test_contains_chief_complaint" time="0.001" /><testcase classname="tests.test_vector_store.TestCaseToText" name="test_contains_symptoms" time="0.001" /><testcase classname="tests.test_vector_store.TestCaseToText" name="test_contains_triage_decision" time="0.001" /><testcase classname="tests.test_vector_store.TestCaseToText" name="test_missing_optional_fields_no_crash" time="0.001" /><testcase classname="tests.test_vector_store.TestCaseToMetadata" name="test_returns_expected_keys" time="0.001" /><testcase classname="tests.test_vector_store.TestCaseToMetadata" name="test_all_values_are_strings" time="0.001" /><testcase classname="tests.test_vector_store.TestCaseToMetadata" name="test_uses_fallback_case_id" time="0.001" /><testcase classname="tests.test_vector_store.TestCaseToMetadata" name="test_uses_provided_id" time="0.001" /><testcase classname="tests.test_vector_store.TestCaseToMetadata" name="test_triage_decision_preserved" time="0.001" /><testcase classname="tests.test_vector_store.TestInitializeFromJson" name="test_calls_load_existing_at_end" time="0.007" /><testcase classname="tests.test_vector_store.TestInitializeFromJson" name="test_vectorstore_not_none_after_initialize" time="0.007" /><testcase classname="tests.test_vector_store.TestInitializeFromJson" name="test_skips_already_embedded_ids" time="0.010" /><testcase classname="tests.test_vector_store.TestInitializeFromJson" name="test_embeds_new_cases" time="0.007" /><testcase classname="tests.test_vector_store.TestInitializeFromJson" name="test_retries_on_transient_failure" time="0.006" /><testcase classname="tests.test_vector_store.TestInitializeFromJson" name="test_raises_after_max_retries_exhausted" time="0.006" /><testcase classname="tests.test_vector_store.TestInitializeFromJson" name="test_batch_size_controls_chunk_count" time="0.006" /><testcase classname="tests.test_vector_store.TestSearchGuard" name="test_raises_when_not_initialised" time="0.001" /></testsuite></testsuites>